<?xml version="1.0" encoding="UTF-8"?>
<testng-results ignored="0" total="1" passed="1" failed="0" skipped="0">
  <reporter-output>
  </reporter-output>
  <suite started-at="2023-07-17T15:00:05 IST" name="Default suite" finished-at="2023-07-17T15:00:22 IST" duration-ms="16788">
    <groups>
    </groups>
    <test started-at="2023-07-17T15:00:05 IST" name="Default test" finished-at="2023-07-17T15:00:22 IST" duration-ms="16788">
      <class name="com.lumaproject.testcases.Signintest">
        <test-method is-config="true" signature="setup()[pri:0, instance:com.lumaproject.testcases.Signintest@78123e82]" started-at="2023-07-17T15:00:05 IST" name="setup" finished-at="2023-07-17T15:00:11 IST" duration-ms="6249" status="PASS">
          <reporter-output>
          </reporter-output>
        </test-method> <!-- setup -->
        <test-method signature="signin()[pri:0, instance:com.lumaproject.testcases.Signintest@78123e82]" started-at="2023-07-17T15:00:11 IST" name="signin" finished-at="2023-07-17T15:00:22 IST" duration-ms="10474" status="PASS">
          <reporter-output>
          </reporter-output>
        </test-method> <!-- signin -->
        <test-method is-config="true" signature="tearDown()[pri:0, instance:com.lumaproject.testcases.Signintest@78123e82]" started-at="2023-07-17T15:00:22 IST" name="tearDown" finished-at="2023-07-17T15:00:22 IST" duration-ms="1" status="PASS">
          <reporter-output>
          </reporter-output>
        </test-method> <!-- tearDown -->
      </class> <!-- com.lumaproject.testcases.Signintest -->
    </test> <!-- Default test -->
  </suite> <!-- Default suite -->
</testng-results>
